0 info it worked if it ends with ok
1 verbose cli [ '/usr/bin/node',
1 verbose cli   '/home/jjs/.npm-packages/bin/npm',
1 verbose cli   'run',
1 verbose cli   'test' ]
2 info using npm@4.0.5
3 info using node@v6.11.5
4 verbose run-script [ 'pretest', 'test', 'posttest' ]
5 info lifecycle typescript-webpack-starter@0.2.0~pretest: typescript-webpack-starter@0.2.0
6 silly lifecycle typescript-webpack-starter@0.2.0~pretest: no script for pretest, continuing
7 info lifecycle typescript-webpack-starter@0.2.0~test: typescript-webpack-starter@0.2.0
8 verbose lifecycle typescript-webpack-starter@0.2.0~test: unsafe-perm in lifecycle true
9 verbose lifecycle typescript-webpack-starter@0.2.0~test: PATH: /home/jjs/.npm-packages/lib/node_modules/npm/bin/node-gyp-bin:/home/jjs/Projects/Jeremy/openscadtojs/node_modules/.bin:/usr/local/bin:/home/jjs/.nvm/versions/node/v4.2.1/bin:/home/jjs/.npm-packages/bin:/home/jjs/bin:/usr/local/sbin:/usr/local/bin:/usr/sbin:/usr/bin:/sbin:/bin:/usr/games:/usr/local/games:/opt/local/bin:/home/jjs/bin-shared/Linux
10 verbose lifecycle typescript-webpack-starter@0.2.0~test: CWD: /home/jjs/Projects/Jeremy/openscadtojs
11 silly lifecycle typescript-webpack-starter@0.2.0~test: Args: [ '-c', 'karma start' ]
12 silly lifecycle typescript-webpack-starter@0.2.0~test: Returned: code: 1  signal: null
13 info lifecycle typescript-webpack-starter@0.2.0~test: Failed to exec test script
14 verbose stack Error: typescript-webpack-starter@0.2.0 test: `karma start`
14 verbose stack Exit status 1
14 verbose stack     at EventEmitter.<anonymous> (/home/jjs/.npm-packages/lib/node_modules/npm/lib/utils/lifecycle.js:279:16)
14 verbose stack     at emitTwo (events.js:106:13)
14 verbose stack     at EventEmitter.emit (events.js:191:7)
14 verbose stack     at ChildProcess.<anonymous> (/home/jjs/.npm-packages/lib/node_modules/npm/lib/utils/spawn.js:40:14)
14 verbose stack     at emitTwo (events.js:106:13)
14 verbose stack     at ChildProcess.emit (events.js:191:7)
14 verbose stack     at maybeClose (internal/child_process.js:920:16)
14 verbose stack     at Process.ChildProcess._handle.onexit (internal/child_process.js:230:5)
15 verbose pkgid typescript-webpack-starter@0.2.0
16 verbose cwd /home/jjs/Projects/Jeremy/openscadtojs
17 error Linux 4.4.0-96-generic
18 error argv "/usr/bin/node" "/home/jjs/.npm-packages/bin/npm" "run" "test"
19 error node v6.11.5
20 error npm  v4.0.5
21 error code ELIFECYCLE
22 error typescript-webpack-starter@0.2.0 test: `karma start`
22 error Exit status 1
23 error Failed at the typescript-webpack-starter@0.2.0 test script 'karma start'.
23 error Make sure you have the latest version of node.js and npm installed.
23 error If you do, this is most likely a problem with the typescript-webpack-starter package,
23 error not with npm itself.
23 error Tell the author that this fails on your system:
23 error     karma start
23 error You can get information on how to open an issue for this project with:
23 error     npm bugs typescript-webpack-starter
23 error Or if that isn't available, you can get their info via:
23 error     npm owner ls typescript-webpack-starter
23 error There is likely additional logging output above.
24 verbose exit [ 1, true ]
